


ARM Macro Assembler    Page 1 


    1 00000000         ;//-------- <<< Use Configuration Wizard in Context Menu
                        >>> ------------------
    2 00000000         ;*/
    3 00000000         
    4 00000000         ; <h> Stack Configuration
    5 00000000         ;   <o> Stack Size (in Bytes) <0x0-0xFFFFFFFF:8>
    6 00000000         ; </h>
    7 00000000         
    8 00000000 00005000 
                       Stack_Size
                               EQU              0x0005000   ;定义堆栈大小  
    9 00000000         
   10 00000000                 AREA             STACK, NOINIT, READWRITE, ALIGN
=3
   11 00000000         Stack_Mem
                               SPACE            Stack_Size  ;分配内存
   12 00005000         __initial_sp
   13 00005000         
   14 00005000         
   15 00005000         ; <h> Heap Configuration
   16 00005000         ;   <o>  Heap Size (in Bytes) <0x0-0xFFFFFFFF:8>
   17 00005000         ; </h>
   18 00005000         
   19 00005000 00005000 
                       Heap_Size
                               EQU              0x00005000
   20 00005000         
   21 00005000                 AREA             HEAP, NOINIT, READWRITE, ALIGN=
3
   22 00000000         __heap_base
   23 00000000         Heap_Mem
                               SPACE            Heap_Size
   24 00005000         __heap_limit
   25 00005000         
   26 00005000         
   27 00005000                 PRESERVE8
   28 00005000                 THUMB
   29 00005000         
   30 00005000         
   31 00005000         ; Vector Table Mapped to Address 0 at Reset
   32 00005000         
   33 00005000                 AREA             RESET, DATA, READONLY
   34 00000000                 EXPORT           __Vectors
   35 00000000                 EXPORT           __Vectors_End
   36 00000000                 EXPORT           __Vectors_Size
   37 00000000         
   38 00000000 00000000 
                       __Vectors
                               DCD              __initial_sp ; Top of Stack
   39 00000004 00000000        DCD              Reset_Handler ; Reset Handler
   40 00000008 00000000        DCD              NMI_Handler ; NMI Handler
   41 0000000C 00000000        DCD              HardFault_Handler ; Hard Fault 
                                                            Handler
   42 00000010 00000000        DCD              MemManage_Handler 
                                                            ; MPU Fault Handler
                                                            
   43 00000014 00000000        DCD              BusFault_Handler 
                                                            ; Bus Fault Handler
                                                            



ARM Macro Assembler    Page 2 


   44 00000018 00000000        DCD              UsageFault_Handler ; Usage Faul
                                                            t Handler
   45 0000001C 00000000        DCD              0           ; Reserved
   46 00000020 00000000        DCD              0           ; Reserved
   47 00000024 00000000        DCD              0           ; Reserved
   48 00000028 00000000        DCD              0           ; Reserved
   49 0000002C 00000000        DCD              SVC_Handler ; SVCall Handler
   50 00000030 00000000        DCD              DebugMon_Handler ; Debug Monito
                                                            r Handler
   51 00000034 00000000        DCD              0           ; Reserved
   52 00000038 00000000        DCD              PendSV_Handler ; PendSV Handler
                                                            
   53 0000003C 00000000        DCD              SysTick_Handler 
                                                            ; SysTick Handler
   54 00000040         
   55 00000040         ; External Interrupts
   56 00000040 00000000        DCD              UARTRX_Handler 
                                                            ; UART RX Handler
   57 00000044 00000000        DCD              UARTTX_Handler 
                                                            ; UART TX Handler
   58 00000048 00000000        DCD              UARTOVR_Handler ; UART RX and T
                                                            X OVERRIDE Handler
   59 0000004C 00000000        DCD              EXTI0_IRQHandler ; EXTI Line 0
   60 00000050         
   61 00000050         __Vectors_End
   62 00000050         
   63 00000050 00000050 
                       __Vectors_Size
                               EQU              __Vectors_End - __Vectors
   64 00000050         
   65 00000050                 AREA             |.text|, CODE, READONLY
   66 00000000         
   67 00000000         
   68 00000000         ; Reset Handler
   69 00000000         
   70 00000000         Reset_Handler
                               PROC
   71 00000000                 EXPORT           Reset_Handler             [WEAK
]
   72 00000000                 IMPORT           SystemInit
   73 00000000         ;IMPORT  __main
   74 00000000                 IMPORT           main
   75 00000000 481E            LDR              R0, =SystemInit
   76 00000002 4780            BLX              R0
   77 00000004         ;LDR     R0, =__main
   78 00000004 481E            LDR              R0, =main
   79 00000006 4700            BX               R0
   80 00000008                 ENDP
   81 00000008         
   82 00000008         
   83 00000008         ; Dummy Exception Handlers (infinite loops which can be 
                       modified)
   84 00000008         
   85 00000008         NMI_Handler
                               PROC
   86 00000008                 EXPORT           NMI_Handler               [WEAK
]
   87 00000008                 IMPORT           NMIHandler
   88 00000008 B500            PUSH             {LR}



ARM Macro Assembler    Page 3 


   89 0000000A F7FF FFFE       BL               NMIHandler
   90 0000000E BD00            POP              {PC}
   91 00000010                 ENDP
   92 00000010         
   93 00000010         HardFault_Handler
                               PROC
   94 00000010                 EXPORT           HardFault_Handler         [WEAK
]
   95 00000010                 IMPORT           HardFaultHandler
   96 00000010 B500            PUSH             {LR}
   97 00000012 F7FF FFFE       BL               HardFaultHandler
   98 00000016 BD00            POP              {PC}
   99 00000018                 ENDP
  100 00000018         
  101 00000018         MemManage_Handler
                               PROC
  102 00000018                 EXPORT           MemManage_Handler         [WEAK
]
  103 00000018                 IMPORT           MemManageHandler
  104 00000018 B500            PUSH             {LR}
  105 0000001A F7FF FFFE       BL               MemManageHandler
  106 0000001E BD00            POP              {PC}
  107 00000020                 ENDP
  108 00000020         
  109 00000020         BusFault_Handler
                               PROC
  110 00000020                 EXPORT           BusFault_Handler          [WEAK
]
  111 00000020                 IMPORT           BusFaultHandler
  112 00000020 B500            PUSH             {LR}
  113 00000022 F7FF FFFE       BL               BusFaultHandler
  114 00000026 BD00            POP              {PC}
  115 00000028                 ENDP
  116 00000028         
  117 00000028         UsageFault_Handler
                               PROC
  118 00000028                 EXPORT           UsageFault_Handler        [WEAK
]
  119 00000028                 IMPORT           UsageFaultHandler
  120 00000028 B500            PUSH             {LR}
  121 0000002A F7FF FFFE       BL               UsageFaultHandler
  122 0000002E BD00            POP              {PC}
  123 00000030                 ENDP
  124 00000030         
  125 00000030         SVC_Handler
                               PROC
  126 00000030                 EXPORT           SVC_Handler               [WEAK
]
  127 00000030                 IMPORT           SVCHandler
  128 00000030 B500            PUSH             {LR}
  129 00000032 F7FF FFFE       BL               SVCHandler
  130 00000036 BD00            POP              {PC}
  131 00000038                 ENDP
  132 00000038         
  133 00000038         DebugMon_Handler
                               PROC
  134 00000038                 EXPORT           DebugMon_Handler          [WEAK
]
  135 00000038                 IMPORT           DebugMonHandler



ARM Macro Assembler    Page 4 


  136 00000038 B500            PUSH             {LR}
  137 0000003A F7FF FFFE       BL               DebugMonHandler
  138 0000003E BD00            POP              {PC}
  139 00000040                 ENDP
  140 00000040         
  141 00000040         PendSV_Handler
                               PROC
  142 00000040                 EXPORT           PendSV_Handler            [WEAK
]
  143 00000040                 IMPORT           PendSVHandler
  144 00000040 B500            PUSH             {LR}
  145 00000042 F7FF FFFE       BL               PendSVHandler
  146 00000046 BD00            POP              {PC}
  147 00000048                 ENDP
  148 00000048         
  149 00000048         SysTick_Handler
                               PROC
  150 00000048                 EXPORT           SysTick_Handler           [WEAK
]
  151 00000048                 IMPORT           SysTickHandler
  152 00000048 B500            PUSH             {LR}
  153 0000004A F7FF FFFE       BL               SysTickHandler
  154 0000004E BD00            POP              {PC}
  155 00000050                 ENDP
  156 00000050         
  157 00000050         UARTRX_Handler
                               PROC
  158 00000050                 EXPORT           UARTRX_Handler             [WEA
K]
  159 00000050                 IMPORT           UARTRXHandler
  160 00000050 B500            PUSH             {LR}
  161 00000052 F7FF FFFE       BL               UARTRXHandler
  162 00000056 BD00            POP              {PC}
  163 00000058                 ENDP
  164 00000058         
  165 00000058         UARTTX_Handler
                               PROC
  166 00000058                 EXPORT           UARTTX_Handler             [WEA
K]
  167 00000058                 IMPORT           UARTTXHandler
  168 00000058 B500            PUSH             {LR}
  169 0000005A F7FF FFFE       BL               UARTTXHandler
  170 0000005E BD00            POP              {PC}
  171 00000060                 ENDP
  172 00000060         
  173 00000060         UARTOVR_Handler
                               PROC
  174 00000060                 EXPORT           UARTOVR_Handler             [WE
AK]
  175 00000060                 IMPORT           UARTOVRHandler
  176 00000060 B500            PUSH             {LR}
  177 00000062 F7FF FFFE       BL               UARTOVRHandler
  178 00000066 BD00            POP              {PC}
  179 00000068                 ENDP
  180 00000068         
  181 00000068         EXTI0_IRQHandler
                               PROC
  182 00000068                 EXPORT           EXTI0_IRQHandler           [WEA
K]



ARM Macro Assembler    Page 5 


  183 00000068                 IMPORT           GPIOHandler
  184 00000068 B500            PUSH             {LR}
  185 0000006A F7FF FFFE       BL               GPIOHandler
  186 0000006E BD00            POP              {PC}
  187 00000070                 ENDP
  188 00000070         
  189 00000070                 ALIGN
  190 00000070         
  191 00000070         ; User Initial Stack & Heap
  192 00000070         
  193 00000070                 IF               :DEF:__MICROLIB
  200 00000070         
  201 00000070                 IMPORT           __use_two_region_memory
  202 00000070                 EXPORT           __user_initial_stackheap
  203 00000070         
  204 00000070         __user_initial_stackheap
                               PROC
  205 00000070 4804            LDR              R0, =  Heap_Mem
  206 00000072 4905            LDR              R1, =(Stack_Mem + Stack_Size)
  207 00000074 4A05            LDR              R2, = (Heap_Mem +  Heap_Size)
  208 00000076 4B06            LDR              R3, = Stack_Mem
  209 00000078 4770            BX               LR
  210 0000007A                 ENDP
  211 0000007A         
  212 0000007A 00 00           ALIGN
  213 0000007C         
  214 0000007C                 ENDIF
  215 0000007C         
  216 0000007C         
  217 0000007C                 END
              00000000 
              00000000 
              00000000 
              00005000 
              00005000 
              00000000 
Command Line: --debug --xref --diag_suppress=9931 --cpu=Cortex-M3 --apcs=interw
ork --depend=.\objects\startup_cm3ds.d -o.\objects\startup_cm3ds.o -IH:\softwar
e\MDK\ARM\CMSIS\5.8.0\Device\ARM\ARMCM3\Include -IH:\software\MDK\ARM\CMSIS\Inc
lude --predefine="__UVISION_VERSION SETA 533" --predefine="ARMCM3 SETA 1" --lis
t=.\listings\startup_cm3ds.lst src\startup_CM3DS.s



ARM Macro Assembler    Page 1 Alphabetic symbol ordering
Relocatable symbols

STACK 00000000

Symbol: STACK
   Definitions
      At line 10 in file src\startup_CM3DS.s
   Uses
      None
Comment: STACK unused
Stack_Mem 00000000

Symbol: Stack_Mem
   Definitions
      At line 11 in file src\startup_CM3DS.s
   Uses
      At line 206 in file src\startup_CM3DS.s
      At line 208 in file src\startup_CM3DS.s

__initial_sp 00005000

Symbol: __initial_sp
   Definitions
      At line 12 in file src\startup_CM3DS.s
   Uses
      At line 38 in file src\startup_CM3DS.s
Comment: __initial_sp used once
3 symbols



ARM Macro Assembler    Page 1 Alphabetic symbol ordering
Relocatable symbols

HEAP 00000000

Symbol: HEAP
   Definitions
      At line 21 in file src\startup_CM3DS.s
   Uses
      None
Comment: HEAP unused
Heap_Mem 00000000

Symbol: Heap_Mem
   Definitions
      At line 23 in file src\startup_CM3DS.s
   Uses
      At line 205 in file src\startup_CM3DS.s
      At line 207 in file src\startup_CM3DS.s

__heap_base 00000000

Symbol: __heap_base
   Definitions
      At line 22 in file src\startup_CM3DS.s
   Uses
      None
Comment: __heap_base unused
__heap_limit 00005000

Symbol: __heap_limit
   Definitions
      At line 24 in file src\startup_CM3DS.s
   Uses
      None
Comment: __heap_limit unused
4 symbols



ARM Macro Assembler    Page 1 Alphabetic symbol ordering
Relocatable symbols

RESET 00000000

Symbol: RESET
   Definitions
      At line 33 in file src\startup_CM3DS.s
   Uses
      None
Comment: RESET unused
__Vectors 00000000

Symbol: __Vectors
   Definitions
      At line 38 in file src\startup_CM3DS.s
   Uses
      At line 34 in file src\startup_CM3DS.s
      At line 63 in file src\startup_CM3DS.s

__Vectors_End 00000050

Symbol: __Vectors_End
   Definitions
      At line 61 in file src\startup_CM3DS.s
   Uses
      At line 35 in file src\startup_CM3DS.s
      At line 63 in file src\startup_CM3DS.s

3 symbols



ARM Macro Assembler    Page 1 Alphabetic symbol ordering
Relocatable symbols

.text 00000000

Symbol: .text
   Definitions
      At line 65 in file src\startup_CM3DS.s
   Uses
      None
Comment: .text unused
BusFault_Handler 00000020

Symbol: BusFault_Handler
   Definitions
      At line 109 in file src\startup_CM3DS.s
   Uses
      At line 43 in file src\startup_CM3DS.s
      At line 110 in file src\startup_CM3DS.s

DebugMon_Handler 00000038

Symbol: DebugMon_Handler
   Definitions
      At line 133 in file src\startup_CM3DS.s
   Uses
      At line 50 in file src\startup_CM3DS.s
      At line 134 in file src\startup_CM3DS.s

EXTI0_IRQHandler 00000068

Symbol: EXTI0_IRQHandler
   Definitions
      At line 181 in file src\startup_CM3DS.s
   Uses
      At line 59 in file src\startup_CM3DS.s
      At line 182 in file src\startup_CM3DS.s

HardFault_Handler 00000010

Symbol: HardFault_Handler
   Definitions
      At line 93 in file src\startup_CM3DS.s
   Uses
      At line 41 in file src\startup_CM3DS.s
      At line 94 in file src\startup_CM3DS.s

MemManage_Handler 00000018

Symbol: MemManage_Handler
   Definitions
      At line 101 in file src\startup_CM3DS.s
   Uses
      At line 42 in file src\startup_CM3DS.s
      At line 102 in file src\startup_CM3DS.s

NMI_Handler 00000008

Symbol: NMI_Handler
   Definitions
      At line 85 in file src\startup_CM3DS.s
   Uses



ARM Macro Assembler    Page 2 Alphabetic symbol ordering
Relocatable symbols

      At line 40 in file src\startup_CM3DS.s
      At line 86 in file src\startup_CM3DS.s

PendSV_Handler 00000040

Symbol: PendSV_Handler
   Definitions
      At line 141 in file src\startup_CM3DS.s
   Uses
      At line 52 in file src\startup_CM3DS.s
      At line 142 in file src\startup_CM3DS.s

Reset_Handler 00000000

Symbol: Reset_Handler
   Definitions
      At line 70 in file src\startup_CM3DS.s
   Uses
      At line 39 in file src\startup_CM3DS.s
      At line 71 in file src\startup_CM3DS.s

SVC_Handler 00000030

Symbol: SVC_Handler
   Definitions
      At line 125 in file src\startup_CM3DS.s
   Uses
      At line 49 in file src\startup_CM3DS.s
      At line 126 in file src\startup_CM3DS.s

SysTick_Handler 00000048

Symbol: SysTick_Handler
   Definitions
      At line 149 in file src\startup_CM3DS.s
   Uses
      At line 53 in file src\startup_CM3DS.s
      At line 150 in file src\startup_CM3DS.s

UARTOVR_Handler 00000060

Symbol: UARTOVR_Handler
   Definitions
      At line 173 in file src\startup_CM3DS.s
   Uses
      At line 58 in file src\startup_CM3DS.s
      At line 174 in file src\startup_CM3DS.s

UARTRX_Handler 00000050

Symbol: UARTRX_Handler
   Definitions
      At line 157 in file src\startup_CM3DS.s
   Uses
      At line 56 in file src\startup_CM3DS.s
      At line 158 in file src\startup_CM3DS.s

UARTTX_Handler 00000058




ARM Macro Assembler    Page 3 Alphabetic symbol ordering
Relocatable symbols

Symbol: UARTTX_Handler
   Definitions
      At line 165 in file src\startup_CM3DS.s
   Uses
      At line 57 in file src\startup_CM3DS.s
      At line 166 in file src\startup_CM3DS.s

UsageFault_Handler 00000028

Symbol: UsageFault_Handler
   Definitions
      At line 117 in file src\startup_CM3DS.s
   Uses
      At line 44 in file src\startup_CM3DS.s
      At line 118 in file src\startup_CM3DS.s

__user_initial_stackheap 00000070

Symbol: __user_initial_stackheap
   Definitions
      At line 204 in file src\startup_CM3DS.s
   Uses
      At line 202 in file src\startup_CM3DS.s
Comment: __user_initial_stackheap used once
16 symbols



ARM Macro Assembler    Page 1 Alphabetic symbol ordering
Absolute symbols

Heap_Size 00005000

Symbol: Heap_Size
   Definitions
      At line 19 in file src\startup_CM3DS.s
   Uses
      At line 23 in file src\startup_CM3DS.s
      At line 207 in file src\startup_CM3DS.s

Stack_Size 00005000

Symbol: Stack_Size
   Definitions
      At line 8 in file src\startup_CM3DS.s
   Uses
      At line 11 in file src\startup_CM3DS.s
      At line 206 in file src\startup_CM3DS.s

__Vectors_Size 00000050

Symbol: __Vectors_Size
   Definitions
      At line 63 in file src\startup_CM3DS.s
   Uses
      At line 36 in file src\startup_CM3DS.s
Comment: __Vectors_Size used once
3 symbols



ARM Macro Assembler    Page 1 Alphabetic symbol ordering
External symbols

BusFaultHandler 00000000

Symbol: BusFaultHandler
   Definitions
      At line 111 in file src\startup_CM3DS.s
   Uses
      At line 113 in file src\startup_CM3DS.s
Comment: BusFaultHandler used once
DebugMonHandler 00000000

Symbol: DebugMonHandler
   Definitions
      At line 135 in file src\startup_CM3DS.s
   Uses
      At line 137 in file src\startup_CM3DS.s
Comment: DebugMonHandler used once
GPIOHandler 00000000

Symbol: GPIOHandler
   Definitions
      At line 183 in file src\startup_CM3DS.s
   Uses
      At line 185 in file src\startup_CM3DS.s
Comment: GPIOHandler used once
HardFaultHandler 00000000

Symbol: HardFaultHandler
   Definitions
      At line 95 in file src\startup_CM3DS.s
   Uses
      At line 97 in file src\startup_CM3DS.s
Comment: HardFaultHandler used once
MemManageHandler 00000000

Symbol: MemManageHandler
   Definitions
      At line 103 in file src\startup_CM3DS.s
   Uses
      At line 105 in file src\startup_CM3DS.s
Comment: MemManageHandler used once
NMIHandler 00000000

Symbol: NMIHandler
   Definitions
      At line 87 in file src\startup_CM3DS.s
   Uses
      At line 89 in file src\startup_CM3DS.s
Comment: NMIHandler used once
PendSVHandler 00000000

Symbol: PendSVHandler
   Definitions
      At line 143 in file src\startup_CM3DS.s
   Uses
      At line 145 in file src\startup_CM3DS.s
Comment: PendSVHandler used once
SVCHandler 00000000

Symbol: SVCHandler



ARM Macro Assembler    Page 2 Alphabetic symbol ordering
External symbols

   Definitions
      At line 127 in file src\startup_CM3DS.s
   Uses
      At line 129 in file src\startup_CM3DS.s
Comment: SVCHandler used once
SysTickHandler 00000000

Symbol: SysTickHandler
   Definitions
      At line 151 in file src\startup_CM3DS.s
   Uses
      At line 153 in file src\startup_CM3DS.s
Comment: SysTickHandler used once
SystemInit 00000000

Symbol: SystemInit
   Definitions
      At line 72 in file src\startup_CM3DS.s
   Uses
      At line 75 in file src\startup_CM3DS.s
Comment: SystemInit used once
UARTOVRHandler 00000000

Symbol: UARTOVRHandler
   Definitions
      At line 175 in file src\startup_CM3DS.s
   Uses
      At line 177 in file src\startup_CM3DS.s
Comment: UARTOVRHandler used once
UARTRXHandler 00000000

Symbol: UARTRXHandler
   Definitions
      At line 159 in file src\startup_CM3DS.s
   Uses
      At line 161 in file src\startup_CM3DS.s
Comment: UARTRXHandler used once
UARTTXHandler 00000000

Symbol: UARTTXHandler
   Definitions
      At line 167 in file src\startup_CM3DS.s
   Uses
      At line 169 in file src\startup_CM3DS.s
Comment: UARTTXHandler used once
UsageFaultHandler 00000000

Symbol: UsageFaultHandler
   Definitions
      At line 119 in file src\startup_CM3DS.s
   Uses
      At line 121 in file src\startup_CM3DS.s
Comment: UsageFaultHandler used once
__use_two_region_memory 00000000

Symbol: __use_two_region_memory
   Definitions
      At line 201 in file src\startup_CM3DS.s
   Uses



ARM Macro Assembler    Page 3 Alphabetic symbol ordering
External symbols

      None
Comment: __use_two_region_memory unused
main 00000000

Symbol: main
   Definitions
      At line 74 in file src\startup_CM3DS.s
   Uses
      At line 78 in file src\startup_CM3DS.s
Comment: main used once
16 symbols
381 symbols in table
