IP Upgrade report for Smart_camera
Fri Jul 23 18:53:13 2021
Quartus Prime Version 18.1.0 Build 625 09/12/2018 SJ Standard Edition


---------------------
; Table of Contents ;
---------------------
  1. Legal Notice
  2. IP Upgrade Summary
  3. IP Upgrade Messages



----------------
; Legal Notice ;
----------------
Copyright (C) 2018  Intel Corporation. All rights reserved.
Your use of Intel Corporation's design tools, logic functions 
and other software and tools, and its AMPP partner logic 
functions, and any output files from any of the foregoing 
(including device programming or simulation files), and any 
associated documentation or information are expressly subject 
to the terms and conditions of the Intel Program License 
Subscription Agreement, the Intel Quartus Prime License Agreement,
the Intel FPGA IP License Agreement, or other applicable license
agreement, including, without limitation, that your use is for
the sole purpose of programming logic devices manufactured by
Intel and sold by Intel or its authorized distributors.  Please
refer to the applicable agreement for further details.



+--------------------------------------------------------------------------------+
; IP Upgrade Summary                                                             ;
+------------------------------+-------------------------------------------------+
; IP Components Upgrade Status ; Failed - Fri Jul 23 18:53:13 2021               ;
; Quartus Prime Version        ; 18.1.0 Build 625 09/12/2018 SJ Standard Edition ;
; Revision Name                ; Smart_camera                                    ;
; Top-level Entity Name        ; CortexM3                                        ;
; Family                       ; Cyclone IV E                                    ;
+------------------------------+-------------------------------------------------+


+---------------------+
; IP Upgrade Messages ;
+---------------------+
Info (23030): Evaluation of Tcl script g:/software/quartusprimestd/quartus/common/tcl/internal/ip_regen/ip_regen.tcl was successful
Info: Quartus Prime Shell was successful. 0 errors, 0 warnings
    Info: Peak virtual memory: 4871 megabytes
    Info: Processing ended: Fri Jul 23 18:53:13 2021
    Info: Elapsed time: 00:00:16
    Info: Total CPU time (on all processors): 00:00:35


